<?xml version="1.0" encoding="UTF-8"?>
<!-- Generated by org.testng.reporters.JUnitReportReporter -->
<testsuite hostname="C_Name" failures="0" tests="2" name="webauto.SimpleWebAutomation" time="0.318" errors="0" timestamp="2023-09-15T15:48:08 IST" skipped="0">
  <testcase classname="webauto.SimpleWebAutomation" name="login" time="0.234"/>
  <testcase classname="webauto.SimpleWebAutomation" name="contanctUs" time="0.084"/>
</testsuite> <!-- webauto.SimpleWebAutomation -->
