<?xml version="1.0" encoding="UTF-8"?>
<!-- Generated by org.testng.reporters.JUnitReportReporter -->
<testsuite hostname="C_Name" failures="0" tests="2" name="webauto.SimpleWebAutomation" time="5.262" errors="0" timestamp="2023-09-18T16:33:19 IST" skipped="0">
  <testcase classname="webauto.SimpleWebAutomation" name="login" time="0.381"/>
  <testcase classname="webauto.SimpleWebAutomation" name="contanctUs" time="4.881"/>
</testsuite> <!-- webauto.SimpleWebAutomation -->
